# DIFFUSION_FURNACE_02 Operational Log
# Format: [dt] eqp lvl {code} narrative key=value ...
# Generated by FurnaceOS v4.2 | Site: FAB2 | Bay: D5

[2026-04-13 11:00:00] DIFF_02 INF {SYS_INIT} System initialized eqp=DIFF_02 bay=D5 sw_ver=4.2.1
[2026-04-13 11:01:00] DIFF_02 INF {STATE} Equipment state transition prev_state=OFFLINE curr_state=STANDBY op=OPR_009
[2026-04-13 11:05:00] DIFF_02 INF {LOT_LOAD} Lot loaded into furnace lot_no=LOT_0070 wafer_count=50 recipe=DIFF_RCP_N_DRIVE op=OPR_009
[2026-04-13 11:05:30] DIFF_02 INF {STATE} Equipment state transition prev_state=STANDBY curr_state=PROCESSING lot_no=LOT_0070
[2026-04-13 11:06:00] DIFF_02 INF {STEP_BEGIN} Process step started step_name=Ramp_Up lot_no=LOT_0070 target_temp_C=900
[2026-04-13 11:06:00] DIFF_02 INF {SENS} Sensor reading eqp=DIFF_02 zone=Z1 tube_temp=650.0 set_temp=900.0 n2_flow=5.0 o2_flow=0.0
[2026-04-13 11:07:00] DIFF_02 INF {SENS} Sensor reading eqp=DIFF_02 zone=Z1 tube_temp=695.2 set_temp=900.0 n2_flow=5.0 o2_flow=0.0
[2026-04-13 11:08:00] DIFF_02 INF {SENS} Sensor reading eqp=DIFF_02 zone=Z1 tube_temp=742.8 set_temp=900.0 n2_flow=5.0 o2_flow=0.0
[2026-04-13 11:09:00] DIFF_02 INF {SENS} Sensor reading eqp=DIFF_02 zone=Z1 tube_temp=788.1 set_temp=900.0 n2_flow=5.0 o2_flow=0.0
[2026-04-13 11:10:00] DIFF_02 INF {SENS} Sensor reading eqp=DIFF_02 zone=Z1 tube_temp=831.4 set_temp=900.0 n2_flow=5.0 o2_flow=0.0
[2026-04-13 11:11:00] DIFF_02 INF {SENS} Sensor reading eqp=DIFF_02 zone=Z1 tube_temp=872.0 set_temp=900.0 n2_flow=5.0 o2_flow=0.0
[2026-04-13 11:12:00] DIFF_02 INF {SENS} Sensor reading eqp=DIFF_02 zone=Z1 tube_temp=895.5 set_temp=900.0 n2_flow=5.0 o2_flow=0.0
[2026-04-13 11:13:00] DIFF_02 INF {SENS} Sensor reading eqp=DIFF_02 zone=Z1 tube_temp=899.8 set_temp=900.0 n2_flow=5.0 o2_flow=0.0
[2026-04-13 11:13:30] DIFF_02 INF {STEP_END} Process step completed step_name=Ramp_Up lot_no=LOT_0070 actual_temp_C=899.8 duration_min=7.5 r=PASS
[2026-04-13 11:13:31] DIFF_02 INF {STEP_BEGIN} Process step started step_name=N_Drive_Anneal lot_no=LOT_0070 target_temp_C=900 duration_min=60
[2026-04-13 11:14:00] DIFF_02 INF {SENS} Sensor reading eqp=DIFF_02 zone=Z1 tube_temp=900.1 set_temp=900.0 n2_flow=8.0 o2_flow=0.0
[2026-04-13 11:20:00] DIFF_02 INF {SENS} Sensor reading eqp=DIFF_02 zone=Z1 tube_temp=900.3 set_temp=900.0 n2_flow=8.0 o2_flow=0.0
[2026-04-13 11:30:00] DIFF_02 INF {SENS} Sensor reading eqp=DIFF_02 zone=Z1 tube_temp=900.0 set_temp=900.0 n2_flow=8.0 o2_flow=0.0
[2026-04-13 11:40:00] DIFF_02 INF {SENS} Sensor reading eqp=DIFF_02 zone=Z1 tube_temp=900.2 set_temp=900.0 n2_flow=8.0 o2_flow=0.0
[2026-04-13 11:44:00] DIFF_02 WRN {T_DRIFT} Temperature drift detected eqp=DIFF_02 zone=Z2 tube_temp=887.4 set_temp=900.0 deviation_C=12.6 threshold_C=10.0
[2026-04-13 11:44:30] DIFF_02 WRN {T_DRIFT} Temperature drift persisting eqp=DIFF_02 zone=Z2 tube_temp=884.1 set_temp=900.0 deviation_C=15.9
[2026-04-13 11:45:00] DIFF_02 ERR {HEAT_FAIL} Zone heater fault detected eqp=DIFF_02 zone=Z2 tube_temp=880.0 set_temp=900.0 heater_id=HTR_Z2_B fault_code=OPEN_CIRCUIT
[2026-04-13 11:45:01] DIFF_02 ERR {STATE} Equipment state transition prev_state=PROCESSING curr_state=FAULTED fault_ref=FLT_HEAT_Z2
[2026-04-13 11:45:02] DIFF_02 ERR {LOT_HOLD} Lot placed on hold lot_no=LOT_0070 reason=HEATER_FAULT affected_wfrs=50 partial_anneal_pct=52
[2026-04-13 12:05:00] DIFF_02 INF {MAINT} Maintenance action performed eqp=DIFF_02 action=HTR_REPLACE component=HTR_Z2_B tech=TECH_015
[2026-04-13 12:10:00] DIFF_02 INF {FAULT_CLR} Fault cleared fault_ref=FLT_HEAT_Z2 op=OPR_009 cleared_by=TECH_015
[2026-04-13 12:10:01] DIFF_02 INF {STATE} Equipment state transition prev_state=FAULTED curr_state=STANDBY
[2026-04-13 12:10:30] DIFF_02 INF {LOT_DISP} Engineering disposition for held lot lot_no=LOT_0070 decision=SCRAP reason=INCOMPLETE_ANNEAL eng=ENG_031
[2026-04-13 12:11:00] DIFF_02 INF {STATE} Equipment state transition prev_state=STANDBY curr_state=IDLE
